::1 - - [09/Jan/2020:14:37:37 +0000] "GET / HTTP/1.1" 200 31749
::1 - - [09/Jan/2020:14:37:37 +0000] "GET /loopychat/js/jQuery.js HTTP/1.1" 200 86927
::1 - - [09/Jan/2020:14:37:37 +0000] "GET /loopychat/js/main.js HTTP/1.1" 200 8443
::1 - - [09/Jan/2020:14:37:38 +0000] "GET /loopychat/img/setting-ctl.png HTTP/1.1" 200 198
::1 - - [09/Jan/2020:14:37:38 +0000] "GET /loopychat/img/chat-02.png HTTP/1.1" 200 1421
::1 - - [09/Jan/2020:14:37:38 +0000] "GET /loopychat/img/like.png HTTP/1.1" 200 550
::1 - - [09/Jan/2020:14:37:38 +0000] "POST /loopychat/php/classes/fn_write.php HTTP/1.1" 200 499
::1 - - [09/Jan/2020:14:37:38 +0000] "GET /loopychat/img/deslike.png HTTP/1.1" 200 542
::1 - - [09/Jan/2020:14:37:38 +0000] "GET /loopychat/img/emoji.png HTTP/1.1" 200 574
::1 - - [09/Jan/2020:14:37:38 +0000] "GET /loopychat/img/annex.png HTTP/1.1" 200 435
::1 - - [09/Jan/2020:14:37:38 +0000] "GET /loopychat/css/main.css HTTP/1.1" 200 15660
::1 - - [09/Jan/2020:14:37:38 +0000] "GET /favicon.ico HTTP/1.1" 404 209
::1 - - [09/Jan/2020:14:42:06 +0000] "GET /loopychat/img/onpoint.png HTTP/1.1" 200 385
::1 - - [09/Jan/2020:14:42:06 +0000] "GET /loopychat/fonts/fontawesome-webfont.woff2?v=4.7.0 HTTP/1.1" 200 77160
::1 - - [09/Jan/2020:14:42:07 +0000] "GET /loopychat/img/liked.png HTTP/1.1" 200 616
::1 - - [09/Jan/2020:14:42:08 +0000] "GET /loopychat/song/sms.mp3 HTTP/1.1" 206 32216
::1 - - [09/Jan/2020:14:42:08 +0000] "GET /loopychat/song/click.mp3 HTTP/1.1" 206 4178
::1 - - [09/Jan/2020:14:42:08 +0000] "GET /loopychat/song/call.mp3 HTTP/1.1" 206 45652
::1 - - [09/Jan/2020:14:42:08 +0000] "GET /loopychat/song/alert.mp3 HTTP/1.1" 206 21733
::1 - - [09/Jan/2020:14:42:08 +0000] "GET /loopychat/song/info.mp3 HTTP/1.1" 206 32216
::1 - - [09/Jan/2020:14:42:08 +0000] "GET /loopychat/song/popup.mp3 HTTP/1.1" 206 6268
::1 - - [09/Jan/2020:14:42:08 +0000] "GET /loopychat/song/write.mp3 HTTP/1.1" 206 33470
::1 - - [09/Jan/2020:14:42:08 +0000] "GET /loopychat/img/desliked.png HTTP/1.1" 200 580
