2018-11-23 00:17:57 3604 [Note] Plugin 'FEDERATED' is disabled.
2018-11-23 00:17:58 3604 [Note] InnoDB: The InnoDB memory heap is disabled
2018-11-23 00:17:58 3604 [Note] InnoDB: Mutexes and rw_locks use Windows interlocked functions
2018-11-23 00:17:58 3604 [Note] InnoDB: Compressed tables use zlib 1.2.3
2018-11-23 00:17:58 3604 [Note] InnoDB: Not using CPU crc32 instructions
2018-11-23 00:17:58 3604 [Note] InnoDB: Initializing buffer pool, size = 128.0M
2018-11-23 00:17:58 3604 [Note] InnoDB: Completed initialization of buffer pool
2018-11-23 00:18:00 3604 [Note] InnoDB: Highest supported file format is Barracuda.
2018-11-23 00:18:00 3604 [Note] InnoDB: The log sequence numbers 1626134 and 1626134 in ibdata files do not match the log sequence number 1626686 in the ib_logfiles!
2018-11-23 00:18:00 3604 [Note] InnoDB: Database was not shutdown normally!
2018-11-23 00:18:00 3604 [Note] InnoDB: Starting crash recovery.
2018-11-23 00:18:00 3604 [Note] InnoDB: Reading tablespace information from the .ibd files...
2018-11-23 00:18:01 3604 [Note] InnoDB: Restoring possible half-written data pages 
2018-11-23 00:18:01 3604 [Note] InnoDB: from the doublewrite buffer...
2018-11-23 00:18:05 3604 [Note] InnoDB: 128 rollback segment(s) are active.
2018-11-23 00:18:05 3604 [Note] InnoDB: Waiting for purge to start
2018-11-23 00:18:05 3604 [Note] InnoDB: 5.6.13 started; log sequence number 1626686
2018-11-23 00:18:05 3604 [Note] Server hostname (bind-address): '*'; port: 3307
2018-11-23 00:18:05 3604 [Note] IPv6 is available.
2018-11-23 00:18:05 3604 [Note]   - '::' resolves to '::';
2018-11-23 00:18:05 3604 [Note] Server socket created on IP: '::'.
2018-11-25 16:56:18 10320 [Note] Plugin 'FEDERATED' is disabled.
2018-11-25 16:56:19 10320 [Note] InnoDB: The InnoDB memory heap is disabled
2018-11-25 16:56:19 10320 [Note] InnoDB: Mutexes and rw_locks use Windows interlocked functions
2018-11-25 16:56:19 10320 [Note] InnoDB: Compressed tables use zlib 1.2.3
2018-11-25 16:56:19 10320 [Note] InnoDB: Not using CPU crc32 instructions
2018-11-25 16:56:19 10320 [Note] InnoDB: Initializing buffer pool, size = 128.0M
2018-11-25 16:56:19 10320 [Note] InnoDB: Completed initialization of buffer pool
2018-11-25 16:56:21 10320 [Note] InnoDB: Highest supported file format is Barracuda.
2018-11-25 16:56:21 10320 [Note] InnoDB: The log sequence numbers 1626134 and 1626134 in ibdata files do not match the log sequence number 1626696 in the ib_logfiles!
2018-11-25 16:56:21 10320 [Note] InnoDB: Database was not shutdown normally!
2018-11-25 16:56:21 10320 [Note] InnoDB: Starting crash recovery.
2018-11-25 16:56:21 10320 [Note] InnoDB: Reading tablespace information from the .ibd files...
2018-11-25 16:56:22 10320 [Note] InnoDB: Restoring possible half-written data pages 
2018-11-25 16:56:22 10320 [Note] InnoDB: from the doublewrite buffer...
2018-11-25 16:56:24 10320 [Note] InnoDB: 128 rollback segment(s) are active.
2018-11-25 16:56:24 10320 [Note] InnoDB: Waiting for purge to start
2018-11-25 16:56:24 10320 [Note] InnoDB: 5.6.13 started; log sequence number 1626696
2018-11-25 16:56:24 10320 [Note] Server hostname (bind-address): '*'; port: 3307
2018-11-25 16:56:24 10320 [Note] IPv6 is available.
2018-11-25 16:56:24 10320 [Note]   - '::' resolves to '::';
2018-11-25 16:56:24 10320 [Note] Server socket created on IP: '::'.
2018-11-25 16:56:29 10320 [Note] Event Scheduler: Loaded 0 events
2018-11-25 16:56:29 10320 [Note] C:\Users\Agostinho Pina Ramos\Desktop\loopyChat/mysql/bin/mysqld_usbwv8.exe: ready for connections.
Version: '5.6.13'  socket: ''  port: 3307  MySQL Community Server (GPL)
