2018-11-17 14:40:51 8348 [Note] Plugin 'FEDERATED' is disabled.
2018-11-17 14:40:51 8348 [Note] InnoDB: The InnoDB memory heap is disabled
2018-11-17 14:40:51 8348 [Note] InnoDB: Mutexes and rw_locks use Windows interlocked functions
2018-11-17 14:40:51 8348 [Note] InnoDB: Compressed tables use zlib 1.2.3
2018-11-17 14:40:51 8348 [Note] InnoDB: Not using CPU crc32 instructions
2018-11-17 14:40:51 8348 [Note] InnoDB: Initializing buffer pool, size = 128.0M
2018-11-17 14:40:51 8348 [Note] InnoDB: Completed initialization of buffer pool
2018-11-17 14:40:52 8348 [Note] InnoDB: Highest supported file format is Barracuda.
2018-11-17 14:40:52 8348 [Note] InnoDB: The log sequence numbers 1626134 and 1626134 in ibdata files do not match the log sequence number 1626656 in the ib_logfiles!
2018-11-17 14:40:52 8348 [Note] InnoDB: Database was not shutdown normally!
2018-11-17 14:40:52 8348 [Note] InnoDB: Starting crash recovery.
2018-11-17 14:40:52 8348 [Note] InnoDB: Reading tablespace information from the .ibd files...
2018-11-17 14:40:52 8348 [Note] InnoDB: Restoring possible half-written data pages 
2018-11-17 14:40:52 8348 [Note] InnoDB: from the doublewrite buffer...
2018-11-17 14:40:55 8348 [Note] InnoDB: 128 rollback segment(s) are active.
2018-11-17 14:40:55 8348 [Note] InnoDB: Waiting for purge to start
2018-11-17 14:40:55 8348 [Note] InnoDB: 5.6.13 started; log sequence number 1626656
2018-11-17 14:40:55 8348 [Note] Server hostname (bind-address): '*'; port: 3307
2018-11-17 14:40:55 8348 [Note] IPv6 is available.
2018-11-17 14:40:55 8348 [Note]   - '::' resolves to '::';
2018-11-17 14:40:55 8348 [Note] Server socket created on IP: '::'.
2018-11-18 11:27:07 11916 [Note] Plugin 'FEDERATED' is disabled.
2018-11-18 11:27:07 11916 [Note] InnoDB: The InnoDB memory heap is disabled
2018-11-18 11:27:07 11916 [Note] InnoDB: Mutexes and rw_locks use Windows interlocked functions
2018-11-18 11:27:07 11916 [Note] InnoDB: Compressed tables use zlib 1.2.3
2018-11-18 11:27:07 11916 [Note] InnoDB: Not using CPU crc32 instructions
2018-11-18 11:27:07 11916 [Note] InnoDB: Initializing buffer pool, size = 128.0M
2018-11-18 11:27:07 11916 [Note] InnoDB: Completed initialization of buffer pool
2018-11-18 11:27:07 11916 [Note] InnoDB: Highest supported file format is Barracuda.
2018-11-18 11:27:07 11916 [Note] InnoDB: The log sequence numbers 1626134 and 1626134 in ibdata files do not match the log sequence number 1626666 in the ib_logfiles!
2018-11-18 11:27:07 11916 [Note] InnoDB: Database was not shutdown normally!
2018-11-18 11:27:07 11916 [Note] InnoDB: Starting crash recovery.
2018-11-18 11:27:07 11916 [Note] InnoDB: Reading tablespace information from the .ibd files...
2018-11-18 11:27:07 11916 [Note] InnoDB: Restoring possible half-written data pages 
2018-11-18 11:27:07 11916 [Note] InnoDB: from the doublewrite buffer...
2018-11-18 11:27:08 11916 [Note] InnoDB: 128 rollback segment(s) are active.
2018-11-18 11:27:08 11916 [Note] InnoDB: Waiting for purge to start
2018-11-18 11:27:08 11916 [Note] InnoDB: 5.6.13 started; log sequence number 1626666
2018-11-18 11:27:08 11916 [Note] Server hostname (bind-address): '*'; port: 3307
2018-11-18 11:27:08 11916 [Note] IPv6 is available.
2018-11-18 11:27:08 11916 [Note]   - '::' resolves to '::';
2018-11-18 11:27:08 11916 [Note] Server socket created on IP: '::'.
2018-11-19 19:20:07 13624 [Note] Plugin 'FEDERATED' is disabled.
2018-11-19 19:20:07 13624 [Note] InnoDB: The InnoDB memory heap is disabled
2018-11-19 19:20:07 13624 [Note] InnoDB: Mutexes and rw_locks use Windows interlocked functions
2018-11-19 19:20:07 13624 [Note] InnoDB: Compressed tables use zlib 1.2.3
2018-11-19 19:20:07 13624 [Note] InnoDB: Not using CPU crc32 instructions
2018-11-19 19:20:07 13624 [Note] InnoDB: Initializing buffer pool, size = 128.0M
2018-11-19 19:20:07 13624 [Note] InnoDB: Completed initialization of buffer pool
2018-11-19 19:20:08 13624 [Note] InnoDB: Highest supported file format is Barracuda.
2018-11-19 19:20:08 13624 [Note] InnoDB: The log sequence numbers 1626134 and 1626134 in ibdata files do not match the log sequence number 1626676 in the ib_logfiles!
2018-11-19 19:20:08 13624 [Note] InnoDB: Database was not shutdown normally!
2018-11-19 19:20:08 13624 [Note] InnoDB: Starting crash recovery.
2018-11-19 19:20:08 13624 [Note] InnoDB: Reading tablespace information from the .ibd files...
2018-11-19 19:20:08 13624 [Note] InnoDB: Restoring possible half-written data pages 
2018-11-19 19:20:08 13624 [Note] InnoDB: from the doublewrite buffer...
2018-11-19 19:20:08 13624 [Note] InnoDB: 128 rollback segment(s) are active.
2018-11-19 19:20:08 13624 [Note] InnoDB: Waiting for purge to start
2018-11-19 19:20:08 13624 [Note] InnoDB: 5.6.13 started; log sequence number 1626676
2018-11-19 19:20:08 13624 [Note] Server hostname (bind-address): '*'; port: 3307
2018-11-19 19:20:08 13624 [Note] IPv6 is available.
2018-11-19 19:20:08 13624 [Note]   - '::' resolves to '::';
2018-11-19 19:20:08 13624 [Note] Server socket created on IP: '::'.
