2020-01-09 14:31:23 14012 [Note] Plugin 'FEDERATED' is disabled.
2020-01-09 14:31:23 14012 [Note] InnoDB: The InnoDB memory heap is disabled
2020-01-09 14:31:23 14012 [Note] InnoDB: Mutexes and rw_locks use Windows interlocked functions
2020-01-09 14:31:23 14012 [Note] InnoDB: Compressed tables use zlib 1.2.3
2020-01-09 14:31:23 14012 [Note] InnoDB: Not using CPU crc32 instructions
2020-01-09 14:31:23 14012 [Note] InnoDB: Initializing buffer pool, size = 128.0M
2020-01-09 14:31:23 14012 [Note] InnoDB: Completed initialization of buffer pool
2020-01-09 14:31:23 14012 [Note] InnoDB: Highest supported file format is Barracuda.
2020-01-09 14:31:23 14012 [Note] InnoDB: The log sequence numbers 1626134 and 1626134 in ibdata files do not match the log sequence number 1626716 in the ib_logfiles!
2020-01-09 14:31:23 14012 [Note] InnoDB: Database was not shutdown normally!
2020-01-09 14:31:23 14012 [Note] InnoDB: Starting crash recovery.
2020-01-09 14:31:23 14012 [Note] InnoDB: Reading tablespace information from the .ibd files...
2020-01-09 14:31:23 14012 [Note] InnoDB: Restoring possible half-written data pages 
2020-01-09 14:31:23 14012 [Note] InnoDB: from the doublewrite buffer...
2020-01-09 14:31:29 14012 [Note] InnoDB: 128 rollback segment(s) are active.
2020-01-09 14:31:29 14012 [Note] InnoDB: Waiting for purge to start
2020-01-09 14:31:30 14012 [Note] InnoDB: 5.6.13 started; log sequence number 1626716
2020-01-09 14:31:30 14012 [Note] Server hostname (bind-address): '*'; port: 3307
2020-01-09 14:31:30 14012 [Note] IPv6 is available.
2020-01-09 14:31:31 14012 [Note]   - '::' resolves to '::';
2020-01-09 14:31:31 14012 [Note] Server socket created on IP: '::'.
